This file contains any messages produced by compilers while
running configure, to aid debugging if configure makes a mistake.

It was created by libasvtools configure 1.0.0, which was
generated by GNU Autoconf 2.62.  Invocation command line was

  $ ./configure 

## --------- ##
## Platform. ##
## --------- ##

hostname = NEOIII
uname -m = i386
uname -r = 1
uname -s = OS/2
uname -v = 2.45

/usr/bin/uname -p = unknown
/bin/uname -X     = unknown

/bin/arch              = unknown
/usr/bin/arch -k       = unknown
/usr/convex/getsysinfo = unknown
/usr/bin/hostinfo      = unknown
/bin/machine           = unknown
/usr/bin/oslevel       = unknown
/bin/universe          = unknown

PATH: U:\foo
PATH: U:\usr\local452\bin
PATH: U:\usr\local452\libexec\gcc\i386-pc-os2-emx\4.5.2
PATH: u:\extras\bin
PATH: U:\usr\bin
PATH: U:\GLIBIDL\GLIB\gcc\bin
PATH: U:\GLIBIDL\LIBIDL\gcc\bin
PATH: u:\bin
PATH: u:\PERL5\bin
PATH: u:\cmake\bin
PATH: u:\subversion\bin
PATH: u:\dev\qt4\bin
PATH: U:\MOZTOOLS
PATH: U:\EMX\bin
PATH: u:\dev\qt4\bin
PATH: u:\python26
PATH: e:\watcom\binp
PATH: u:\wxpm\bin
PATH: u:\dev\ow\BINP
PATH: u:\dev\ow\BINW
PATH: C:\MPTN\BIN
PATH: C:\TCPIP\BIN
PATH: C:\IBMCOM
PATH: C:\IBMLAN\NETPROG
PATH: C:\MUGLIB
PATH: C:\ECS\BIN
PATH: C:\EMX\BIN
PATH: C:\IBMGSK50\BIN
PATH: C:\IBMGSK40\BIN
PATH: C:\IBMGSK\BIN
PATH: C:\OS2
PATH: C:\OS2\SYSTEM
PATH: C:\OS2\INSTALL
PATH: C:\
PATH: C:\OS2\MDOS
PATH: C:\OS2\APPS
PATH: C:\ECS\KLIBC\BIN
PATH: C:\PROGRAMS\JAVA142\BIN
PATH: C:\MMOS2\FREEDB
PATH: C:\MMOS2
PATH: C:\MMOS2\MMPLAYER
PATH: C:\PROGRAMS\4OS2
PATH: C:\PROGRAMS\VyperHelp
PATH: C:\PROGRAMS\ibmworks
PATH: E:\VTEX\BIN
PATH: e:\mmedia\cworks2
PATH: D:\ODIN\SYSTEM32
PATH: C:\TOOLS\CDRTools
PATH: U:\OS2TK45\som\common
PATH: U:\OS2TK45\som\bin
PATH: U:\OS2TK45\bin
PATH: C:\TOOLS\dfsee\bin


## ----------- ##
## Core tests. ##
## ----------- ##

configure:1935: loading site script u:/moztools/config.site-nozbinfiles
| #!sh
| #ac_cv_host=i386-pc-gnu
| #ac_cv_host=i386-pc-os2
| #HOST=i386-pc-os2
| SHELL=sh
| PATH=`cmd.exe /c "echo %PATH%" | sed -e 's@\\\\@/@g'`
| PATH_SEPARATOR=';'
| 
| for f in INSTALL PERL M4 EXPR ; do
|  export $f="`type $f.exe|sed -e 's@\\\\@/@g' -e 's@.* @@'`"
| done
| 
| ac_cv_path_PERL='u:/Perl/bin/perl.exe'
| ac_cv_path__PATH_PERL='u:/Perl/bin/perl.exe'
| ac_cv_path__PATH_SH='u:/moztools/ash.exe'
| ac_cv_path__PATH_SED='u:/moztools/sed.exe'
| ac_cv_path_PROG_SENDMAIL='c:/tcpip/bin/sendmail.exe'
| ac_cv_path__PATH_SORT='u:/moztools/sort.exe'
| ac_cv_path_AR='u:/usr/bin/ar.exe'
| ac_cv_path_FALSE='u:/bin/false.exe'
| #ac_cv_path_GZIP='e:/archive/gzip.exe'
| #ac_cv_path_ZIP='e:/archive/zip.exe'
| ac_cv_path_MAKE='u:/moztools/make.exe'
| ac_cv_path_TRUE='u:/bin/true.exe'
| ac_cv_path_RM='u:/bin/rm.exe'
| ac_cv_path_MV='u:/bin/mv.exe'
| ac_cv_member_struct_sockaddr_in_sin_len='yes'
| ac_cv_path_MKDIR='u:/bin/mkdir.exe'
| ac_cv_path_MSGFMT='u:/usr/bin/msgfmt.exe'
| ac_cv_path__PATH_AWK='u:/moztools/awk.exe'
| ac_cv_path__PATH_EGREP='c:/emx/bin/egrep.exe'
| ac_cv_path_install=${INSTALL}
| ac_cv_path_STRIP='echo '
| ac_cv_path_uic='/dev/qt/trunk/bin/uic'
| ac_cv_path_XARGS='u:/moztools/xargs.exe'
| ac_cv_path_JAVAC='c:/programs/java142/bin/javac.exe'
| ac_cv_path_JAR='c:/programs/java142/bin/jar.exe'
| #ac_cv_prog_LN_S='cp -p'
| ac_cv_emxos2='yes'
| ac_cv_libext='lib'
| #cl_cv_prog_LN_S='cp -p'
| #cl_cv_prog_LN='cp -p'
| ac_executable_extensions=".exe"
| ac_cpp=g++.exe
| #LN_S='cp -p'
| MAKE=make
| #ACLOCAL=${ACLOCAL-"${UNIXROOT}/usr/bin/aclocal"}
| #AUTOCONF=${AUTOCONF-"${UNIXROOT}/usr/bin/autoconf"}
| #AUTOMAKE=${AUTOMAKE-"${UNIXROOT}/usr/bin/automake"}
| #AUTOHEADER=${AUTOHEADER-"${UNIXROOT}/usr/bin/autoheader"}
| #ACLOCAL='echo aclocal'
| #AUTOCONF='echo autoconf'
| #AUTOMAKE='echo automake'
| #AUTOHEADER='echo autoheader'
| MAKEINFO=${MAKEINFO-"makeinfo --no-split"}
| AMTAR=${AMTAR-"tar.exe"}
| CC=gcc
| CXX=g++
| AWK=gawk
| LEX=flex
| LIBEXT="LIB"
| #INSTALL=install-sh
| INSTALL=u:/bin/install.exe
| OBJEXT=o
| RM=rm.exe
| PERL=perl.exe
| AR=ar.exe
| LD=ld.exe
| RANLIB=echo
| #LIBTOOL=aplibtool.exe
| YACC='bison -y'
| BMTYPE=int
| BMBYTES=4
| PRINTABLE_OS_NAME=OS/2
| CFLAGS='-D__EMX__ -DOS2  -D__ST_MT_ERRNO__ -g'
| CXXFLAGS='-D__EMX__ -DOS2 -D__ST_MT_ERRNO__ -g'
| LDFLAGS='-Zexe -Zomf -Zmap -Zargs-wild -D__ST_MT_ERRNO__'
| #CFLAGS='-D__EMX__ -DOS2  -D__ST_MT_ERRNO__ -O3 -mcpu=pentium3'
| #CXXFLAGS='-D__EMX__ -DOS2 -D__ST_MT_ERRNO__ -O3 -mcpu=pentium3'
| #LDFLAGS='-Zexe -Zomf -Zmap -Zargs-wild -D__ST_MT_ERRNO__ -s'
| ac_exeext=.exe
| ac_cv_exeext=.exe
| ac_cv_path___CHGRP=echo
| ac_cv_path___CHOWN=echo
| ac_cv_path___RSH=echo
| function test
| { 
|   if [  "$1" = "-x" ] ; then  
|     shift
|     if [ -f "$1" ] ; then return ; fi
|     if type $1.cmd 1>nul 2>&1  ; then  return ; fi
|     if type $1.exe 1>nul 2>&1  ; then  return ; fi
|     x=`type $* 1>nul 2>&1|  sed -e 's@^.* @@' -e 's@\\\\@/@g' -e 's@\\.$@@'`
|     if [ -n "$x" ] ; then
|       grep '^\(#!\|[ \t]*extproc\)' "$x">nul 2>&1 
|     else
|       return 1
|     fi
|   else
|     builtin test "$@"
|   fi ;\
| }
| 
| 
| ### EOF ######################################################################
configure:2097: checking for a BSD-compatible install
configure:2165: result: u:/bin/install.exe
configure:2176: checking whether build environment is sane
configure:2219: result: yes
configure:2244: checking for a thread-safe mkdir -p
configure:2283: result: u:/bin/mkdir.exe -p
configure:2296: checking for gawk
configure:2323: result: gawk
configure:2334: checking whether make sets $(MAKE)
configure:2356: result: yes
configure:2544: checking whether to enable maintainer-specific portions of Makefiles
configure:2553: result: no
configure:2573: checking build system type
configure:2591: result: i386-pc-os2-emx
configure:2613: checking host system type
configure:2628: result: i386-pc-os2-emx
configure:2741: checking for gcc
configure:2768: result: gcc
configure:3006: checking for C compiler version
configure:3014: gcc --version >&5
gcc (GCC) 4.5.2
Copyright (C) 2010 Free Software Foundation, Inc.
This is free software; see the source for copying conditions.  There is NO
warranty; not even for MERCHANTABILITY or FITNESS FOR A PARTICULAR PURPOSE.

configure:3018: $? = 0
configure:3025: gcc -v >&5
Using built-in specs.
COLLECT_GCC=gcc
Target: i386-pc-os2-emx
Configured with: ./configure --prefix=/usr/local452 --enable-shared --enable-languages=c,c++,fortran --with-gnu-as --disable-lto --disable-bootstrap --disable-libstdcxx-pch --enable-threads
Thread model: os2
gcc version 4.5.2 (GCC) 
configure:3029: $? = 0
configure:3036: gcc -V >&5
gcc: '-V' must come at the start of the command line
configure:3040: $? = 1
configure:3063: checking for C compiler default output file name
configure:3085: gcc -D__EMX__ -DOS2  -D__ST_MT_ERRNO__ -g -Wall -ansi  -Zexe -Zomf -Zmap -Zargs-wild -D__ST_MT_ERRNO__ conftest.c  >&5
configure:3089: $? = 0
configure:3127: result: conftest.exe
configure:3144: checking whether the C compiler works
configure:3154: ./conftest.exe
configure:3158: $? = 0
configure:3175: result: yes
configure:3182: checking whether we are cross compiling
configure:3184: result: no
configure:3187: checking for suffix of executables
configure:3194: gcc -o conftest.exe -D__EMX__ -DOS2  -D__ST_MT_ERRNO__ -g -Wall -ansi  -Zexe -Zomf -Zmap -Zargs-wild -D__ST_MT_ERRNO__ conftest.c  >&5
configure:3198: $? = 0
configure:3222: result: .exe
configure:3228: checking for suffix of object files
configure:3254: gcc -c -D__EMX__ -DOS2  -D__ST_MT_ERRNO__ -g -Wall -ansi  conftest.c >&5
configure:3258: $? = 0
configure:3281: result: o
configure:3285: checking whether we are using the GNU C compiler
configure:3314: gcc -c -D__EMX__ -DOS2  -D__ST_MT_ERRNO__ -g -Wall -ansi  conftest.c >&5
configure:3321: $? = 0
configure:3338: result: yes
configure:3347: checking whether gcc accepts -g
configure:3377: gcc -c -g  conftest.c >&5
configure:3384: $? = 0
configure:3485: result: yes
configure:3502: checking for gcc option to accept ISO C89
configure:3576: gcc  -c -D__EMX__ -DOS2  -D__ST_MT_ERRNO__ -g -Wall -ansi  conftest.c >&5
configure:3583: $? = 0
configure:3606: result: none needed
configure:3635: checking for style of include used by make
configure:3663: result: GNU
configure:3688: checking dependency style of gcc
configure:3779: result: gcc3
configure:3799: checking how to run the C preprocessor
configure:3839: gcc -E  conftest.c
configure:3846: $? = 0
configure:3877: gcc -E  conftest.c
conftest.c:10:28: fatal error: ac_nonexistent.h: No such file or directory
compilation terminated.
configure:3884: $? = 1
configure: failed program was:
| /* confdefs.h.  */
| #define PACKAGE_NAME "libasvtools"
| #define PACKAGE_TARNAME "libasvtools"
| #define PACKAGE_VERSION "1.0.0"
| #define PACKAGE_STRING "libasvtools 1.0.0"
| #define PACKAGE_BUGREPORT "asv@ayukov.com"
| #define PACKAGE "libasvtools"
| #define VERSION "1.0.0"
| /* end confdefs.h.  */
| #include <ac_nonexistent.h>
configure:3917: result: gcc -E
configure:3946: gcc -E  conftest.c
configure:3953: $? = 0
configure:3984: gcc -E  conftest.c
conftest.c:10:28: fatal error: ac_nonexistent.h: No such file or directory
compilation terminated.
configure:3991: $? = 1
configure: failed program was:
| /* confdefs.h.  */
| #define PACKAGE_NAME "libasvtools"
| #define PACKAGE_TARNAME "libasvtools"
| #define PACKAGE_VERSION "1.0.0"
| #define PACKAGE_STRING "libasvtools 1.0.0"
| #define PACKAGE_BUGREPORT "asv@ayukov.com"
| #define PACKAGE "libasvtools"
| #define VERSION "1.0.0"
| /* end confdefs.h.  */
| #include <ac_nonexistent.h>
configure:4042: checking for a BSD-compatible install
configure:4110: result: u:/bin/install.exe
configure:4146: checking for a sed that does not truncate output
configure:4212: result: U:/MOZTOOLS/sed.exe
configure:4230: checking for grep that handles long lines and -e
configure:4290: result: U:/MOZTOOLS/grep.exe
configure:4295: checking for egrep
configure:4359: result: U:/MOZTOOLS/grep.exe -E
configure:4364: checking for fgrep
configure:4428: result: U:/MOZTOOLS/grep.exe -F
configure:4463: checking for ld used by gcc
configure:4530: result: ld.exe
configure:4539: checking if the linker (ld.exe) is GNU ld
configure:4554: result: no
configure:4566: checking for BSD- or MS-compatible name lister (nm)
configure:4615: result: U:/usr/bin/nm -B
configure:4737: checking the name lister (U:/usr/bin/nm -B) interface
configure:4744: gcc -c -D__EMX__ -DOS2  -D__ST_MT_ERRNO__ -g -Wall -ansi  conftest.c >&5
configure:4747: U:/usr/bin/nm -B "conftest.o"
configure:4750: output
00000000 B _some_variable
configure:4757: result: BSD nm
configure:4760: checking whether ln -s works
configure:4764: result: yes
configure:4772: checking the maximum length of command line arguments
configure:4892: result: 512
configure:4909: checking whether the shell understands some XSI constructs
configure:4919: result: yes
configure:4923: checking whether the shell understands "+="
configure:4929: result: no
configure:4964: checking for ld.exe option to reload object files
configure:4971: result: -r
configure:5040: checking for objdump
configure:5056: found U:/usr/bin/objdump.exe
configure:5067: result: objdump
configure:5103: checking how to recognize dependent libraries
configure:5299: result: unknown
configure:5359: checking for ar
configure:5386: result: ar.exe
configure:5468: checking for strip
configure:5484: found U:/usr/bin/strip.exe
configure:5495: result: strip
configure:5571: checking for ranlib
configure:5598: result: echo
configure:5692: checking command to parse U:/usr/bin/nm -B output from gcc object
configure:5810: gcc -c -D__EMX__ -DOS2  -D__ST_MT_ERRNO__ -g -Wall -ansi  conftest.c >&5
configure:5813: $? = 0
configure:5817: U:/usr/bin/nm -B conftest.o \| sed -n -e 's/^.*[	 ]\([ABCDGIRSTW][ABCDGIRSTW]*\)[	 ][	 ]*\([_A-Za-z][_A-Za-z0-9]*\)$/\1 \2 \2/p' \> conftest.nm
configure:5820: $? = 0
cannot find nm_test_var in conftest.nm
configure:5810: gcc -c -D__EMX__ -DOS2  -D__ST_MT_ERRNO__ -g -Wall -ansi  conftest.c >&5
configure:5813: $? = 0
configure:5817: U:/usr/bin/nm -B conftest.o \| sed -n -e 's/^.*[	 ]\([ABCDGIRSTW][ABCDGIRSTW]*\)[	 ][	 ]*_\([_A-Za-z][_A-Za-z0-9]*\)$/\1 _\2 \2/p' \> conftest.nm
configure:5820: $? = 0
configure:5874: gcc -o conftest.exe -D__EMX__ -DOS2  -D__ST_MT_ERRNO__ -g -Wall -ansi  -Zexe -Zomf -Zmap -Zargs-wild -D__ST_MT_ERRNO__ conftest.c conftstm.o >&5
configure:5877: $? = 0
configure:5915: result: ok
configure:6798: checking for ANSI C header files
configure:6828: gcc -c -D__EMX__ -DOS2  -D__ST_MT_ERRNO__ -g -Wall -ansi  conftest.c >&5
configure:6835: $? = 0
configure:6934: gcc -o conftest.exe -D__EMX__ -DOS2  -D__ST_MT_ERRNO__ -g -Wall -ansi  -Zexe -Zomf -Zmap -Zargs-wild -D__ST_MT_ERRNO__ conftest.c  >&5
configure:6938: $? = 0
configure:6944: ./conftest.exe
configure:6948: $? = 0
configure:6966: result: yes
configure:6990: checking for sys/types.h
configure:7011: gcc -c -D__EMX__ -DOS2  -D__ST_MT_ERRNO__ -g -Wall -ansi  conftest.c >&5
configure:7018: $? = 0
configure:7035: result: yes
configure:6990: checking for sys/stat.h
configure:7011: gcc -c -D__EMX__ -DOS2  -D__ST_MT_ERRNO__ -g -Wall -ansi  conftest.c >&5
configure:7018: $? = 0
configure:7035: result: yes
configure:6990: checking for stdlib.h
configure:7011: gcc -c -D__EMX__ -DOS2  -D__ST_MT_ERRNO__ -g -Wall -ansi  conftest.c >&5
configure:7018: $? = 0
configure:7035: result: yes
configure:6990: checking for string.h
configure:7011: gcc -c -D__EMX__ -DOS2  -D__ST_MT_ERRNO__ -g -Wall -ansi  conftest.c >&5
configure:7018: $? = 0
configure:7035: result: yes
configure:6990: checking for memory.h
configure:7011: gcc -c -D__EMX__ -DOS2  -D__ST_MT_ERRNO__ -g -Wall -ansi  conftest.c >&5
configure:7018: $? = 0
configure:7035: result: yes
configure:6990: checking for strings.h
configure:7011: gcc -c -D__EMX__ -DOS2  -D__ST_MT_ERRNO__ -g -Wall -ansi  conftest.c >&5
configure:7018: $? = 0
configure:7035: result: yes
configure:6990: checking for inttypes.h
configure:7011: gcc -c -D__EMX__ -DOS2  -D__ST_MT_ERRNO__ -g -Wall -ansi  conftest.c >&5
configure:7018: $? = 0
configure:7035: result: yes
configure:6990: checking for stdint.h
configure:7011: gcc -c -D__EMX__ -DOS2  -D__ST_MT_ERRNO__ -g -Wall -ansi  conftest.c >&5
configure:7018: $? = 0
configure:7035: result: yes
configure:6990: checking for unistd.h
configure:7011: gcc -c -D__EMX__ -DOS2  -D__ST_MT_ERRNO__ -g -Wall -ansi  conftest.c >&5
configure:7018: $? = 0
configure:7035: result: yes
configure:7052: checking for dlfcn.h
configure:7073: gcc -c -D__EMX__ -DOS2  -D__ST_MT_ERRNO__ -g -Wall -ansi  conftest.c >&5
configure:7080: $? = 0
configure:7097: result: yes
configure:7282: checking for objdir
configure:7297: result: .libs
configure:7589: checking if gcc supports -fno-rtti -fno-exceptions
configure:7607: gcc -c -D__EMX__ -DOS2  -D__ST_MT_ERRNO__ -g -Wall -ansi  -fno-rtti -fno-exceptions conftest.c >&5
cc1: warning: command line option "-fno-rtti" is valid for C++/ObjC++ but not for C
configure:7611: $? = 0
configure:7624: result: no
configure:7644: checking for gcc option to produce PIC
configure:7916: result: -DDLL_EXPORT -DPIC
configure:7928: checking if gcc PIC flag -DDLL_EXPORT -DPIC works
configure:7946: gcc -c -D__EMX__ -DOS2  -D__ST_MT_ERRNO__ -g -Wall -ansi  -DDLL_EXPORT -DPIC -DPIC conftest.c >&5
configure:7950: $? = 0
configure:7963: result: yes
configure:7987: checking if gcc static flag -static works
Error! E2028: ___libc_back_signalOS2V1Handler16bit is an undefined reference
file U:\usr\lib\libc_s.lib(signals.obj): undefined symbol ___libc_back_signalOS2V1Handler16bit
configure:8015: result: no
configure:8030: checking if gcc supports -c -o file.o
configure:8051: gcc -c -D__EMX__ -DOS2  -D__ST_MT_ERRNO__ -g -Wall -ansi  -o out/conftest2.o conftest.c >&5
configure:8055: $? = 0
configure:8077: result: yes
configure:8085: checking if gcc supports -c -o file.o
configure:8132: result: yes
configure:8165: checking whether the gcc linker (ld.exe) supports shared libraries
configure:9239: result: yes
configure:9478: checking dynamic linker characteristics
configure:10161: result: OS/2 ld.exe
configure:10263: checking how to hardcode library paths into programs
configure:10288: result: immediate
configure:11121: checking whether stripping libraries is possible
configure:11126: result: yes
configure:11161: checking if libtool supports shared libraries
configure:11163: result: yes
configure:11166: checking whether to build shared libraries
configure:11187: result: yes
configure:11190: checking whether to build static libraries
configure:11194: result: yes
configure:11305: checking stdio.h usability
configure:11322: gcc -c -D__EMX__ -DOS2  -D__ST_MT_ERRNO__ -g -Wall -ansi -O2  conftest.c >&5
configure:11329: $? = 0
configure:11343: result: yes
configure:11347: checking stdio.h presence
configure:11362: gcc -E  conftest.c
configure:11369: $? = 0
configure:11383: result: yes
configure:11416: checking for stdio.h
configure:11425: result: yes
configure:11305: checking time.h usability
configure:11322: gcc -c -D__EMX__ -DOS2  -D__ST_MT_ERRNO__ -g -Wall -ansi -O2  conftest.c >&5
configure:11329: $? = 0
configure:11343: result: yes
configure:11347: checking time.h presence
configure:11362: gcc -E  conftest.c
configure:11369: $? = 0
configure:11383: result: yes
configure:11416: checking for time.h
configure:11425: result: yes
configure:11305: checking stdarg.h usability
configure:11322: gcc -c -D__EMX__ -DOS2  -D__ST_MT_ERRNO__ -g -Wall -ansi -O2  conftest.c >&5
configure:11329: $? = 0
configure:11343: result: yes
configure:11347: checking stdarg.h presence
configure:11362: gcc -E  conftest.c
configure:11369: $? = 0
configure:11383: result: yes
configure:11416: checking for stdarg.h
configure:11425: result: yes
configure:11294: checking for string.h
configure:11301: result: yes
configure:11305: checking ctype.h usability
configure:11322: gcc -c -D__EMX__ -DOS2  -D__ST_MT_ERRNO__ -g -Wall -ansi -O2  conftest.c >&5
configure:11329: $? = 0
configure:11343: result: yes
configure:11347: checking ctype.h presence
configure:11362: gcc -E  conftest.c
configure:11369: $? = 0
configure:11383: result: yes
configure:11416: checking for ctype.h
configure:11425: result: yes
configure:11305: checking assert.h usability
configure:11322: gcc -c -D__EMX__ -DOS2  -D__ST_MT_ERRNO__ -g -Wall -ansi -O2  conftest.c >&5
configure:11329: $? = 0
configure:11343: result: yes
configure:11347: checking assert.h presence
configure:11362: gcc -E  conftest.c
configure:11369: $? = 0
configure:11383: result: yes
configure:11416: checking for assert.h
configure:11425: result: yes
configure:11305: checking limits.h usability
configure:11322: gcc -c -D__EMX__ -DOS2  -D__ST_MT_ERRNO__ -g -Wall -ansi -O2  conftest.c >&5
configure:11329: $? = 0
configure:11343: result: yes
configure:11347: checking limits.h presence
configure:11362: gcc -E  conftest.c
configure:11369: $? = 0
configure:11383: result: yes
configure:11416: checking for limits.h
configure:11425: result: yes
configure:11446: checking for sys/types.h
configure:11453: result: yes
configure:11457: checking fcntl.h usability
configure:11474: gcc -c -D__EMX__ -DOS2  -D__ST_MT_ERRNO__ -g -Wall -ansi -O2  conftest.c >&5
configure:11481: $? = 0
configure:11495: result: yes
configure:11499: checking fcntl.h presence
configure:11514: gcc -E  conftest.c
configure:11521: $? = 0
configure:11535: result: yes
configure:11568: checking for fcntl.h
configure:11577: result: yes
configure:11446: checking for stdint.h
configure:11453: result: yes
configure:11601: checking for flock
configure:11657: gcc -o conftest.exe -D__EMX__ -DOS2  -D__ST_MT_ERRNO__ -g -Wall -ansi -O2  -Zexe -Zomf -Zmap -Zargs-wild -D__ST_MT_ERRNO__ conftest.c  >&5
configure:11664: $? = 0
configure:11686: result: yes
configure:11601: checking for vsnprintf
configure:11657: gcc -o conftest.exe -D__EMX__ -DOS2  -D__ST_MT_ERRNO__ -g -Wall -ansi -O2  -Zexe -Zomf -Zmap -Zargs-wild -D__ST_MT_ERRNO__ conftest.c  >&5
configure:11664: $? = 0
configure:11686: result: yes
configure:11601: checking for mmap
configure:11657: gcc -o conftest.exe -D__EMX__ -DOS2  -D__ST_MT_ERRNO__ -g -Wall -ansi -O2  -Zexe -Zomf -Zmap -Zargs-wild -D__ST_MT_ERRNO__ conftest.c  >&5
Error! E2028: _mmap is an undefined reference
file U:\tmp\ccjHcYM4.o(conftest.c): undefined symbol _mmap
weakld: error: Unresolved symbol (UNDEF) '_mmap'.
weakld: info: The symbol is referenced by:
    U:\tmp\ccjHcYM4.o
Ignoring unresolved externals reported from weak prelinker.
configure:11664: $? = 1
configure: failed program was:
| /* confdefs.h.  */
| #define PACKAGE_NAME "libasvtools"
| #define PACKAGE_TARNAME "libasvtools"
| #define PACKAGE_VERSION "1.0.0"
| #define PACKAGE_STRING "libasvtools 1.0.0"
| #define PACKAGE_BUGREPORT "asv@ayukov.com"
| #define PACKAGE "libasvtools"
| #define VERSION "1.0.0"
| #define STDC_HEADERS 1
| #define HAVE_SYS_TYPES_H 1
| #define HAVE_SYS_STAT_H 1
| #define HAVE_STDLIB_H 1
| #define HAVE_STRING_H 1
| #define HAVE_MEMORY_H 1
| #define HAVE_STRINGS_H 1
| #define HAVE_INTTYPES_H 1
| #define HAVE_STDINT_H 1
| #define HAVE_UNISTD_H 1
| #define HAVE_DLFCN_H 1
| #define LT_OBJDIR ".libs/"
| #define HAVE_STDIO_H 1
| #define HAVE_TIME_H 1
| #define HAVE_STDARG_H 1
| #define HAVE_STRING_H 1
| #define HAVE_CTYPE_H 1
| #define HAVE_ASSERT_H 1
| #define HAVE_LIMITS_H 1
| #define HAVE_SYS_TYPES_H 1
| #define HAVE_FCNTL_H 1
| #define HAVE_STDINT_H 1
| #define HAVE_FLOCK 1
| #define HAVE_VSNPRINTF 1
| /* end confdefs.h.  */
| /* Define mmap to an innocuous variant, in case <limits.h> declares mmap.
|    For example, HP-UX 11i <limits.h> declares gettimeofday.  */
| #define mmap innocuous_mmap
| 
| /* System header to define __stub macros and hopefully few prototypes,
|     which can conflict with char mmap (); below.
|     Prefer <limits.h> to <assert.h> if __STDC__ is defined, since
|     <limits.h> exists even on freestanding compilers.  */
| 
| #ifdef __STDC__
| # include <limits.h>
| #else
| # include <assert.h>
| #endif
| 
| #undef mmap
| 
| /* Override any GCC internal prototype to avoid an error.
|    Use char because int might match the return type of a GCC
|    builtin and then its argument prototype would still apply.  */
| #ifdef __cplusplus
| extern "C"
| #endif
| char mmap ();
| /* The GNU C library defines this for functions which it implements
|     to always fail with ENOSYS.  Some functions are actually named
|     something starting with __ and the normal name is an alias.  */
| #if defined __stub_mmap || defined __stub___mmap
| choke me
| #endif
| 
| int
| main ()
| {
| return mmap ();
|   ;
|   return 0;
| }
configure:11686: result: no
configure:11601: checking for strcasestr
configure:11657: gcc -o conftest.exe -D__EMX__ -DOS2  -D__ST_MT_ERRNO__ -g -Wall -ansi -O2  -Zexe -Zomf -Zmap -Zargs-wild -D__ST_MT_ERRNO__ conftest.c  >&5
configure:11664: $? = 0
configure:11686: result: yes
configure:11601: checking for strlwr
configure:11657: gcc -o conftest.exe -D__EMX__ -DOS2  -D__ST_MT_ERRNO__ -g -Wall -ansi -O2  -Zexe -Zomf -Zmap -Zargs-wild -D__ST_MT_ERRNO__ conftest.c  >&5
configure:11664: $? = 0
configure:11686: result: yes
configure:11601: checking for strupr
configure:11657: gcc -o conftest.exe -D__EMX__ -DOS2  -D__ST_MT_ERRNO__ -g -Wall -ansi -O2  -Zexe -Zomf -Zmap -Zargs-wild -D__ST_MT_ERRNO__ conftest.c  >&5
configure:11664: $? = 0
configure:11686: result: yes
configure:11601: checking for getpgid
configure:11657: gcc -o conftest.exe -D__EMX__ -DOS2  -D__ST_MT_ERRNO__ -g -Wall -ansi -O2  -Zexe -Zomf -Zmap -Zargs-wild -D__ST_MT_ERRNO__ conftest.c  >&5
configure:11664: $? = 0
configure:11686: result: yes
configure:11708: checking regex.h usability
configure:11725: gcc -c -D__EMX__ -DOS2  -D__ST_MT_ERRNO__ -g -Wall -ansi -O2  conftest.c >&5
configure:11732: $? = 0
configure:11746: result: yes
configure:11750: checking regex.h presence
configure:11765: gcc -E  conftest.c
configure:11772: $? = 0
configure:11786: result: yes
configure:11819: checking for regex.h
configure:11826: result: yes
configure:11872: gcc -o conftest.exe -D__EMX__ -DOS2  -D__ST_MT_ERRNO__ -g -Wall -ansi -O2  -Zexe -Zomf -Zmap -Zargs-wild -D__ST_MT_ERRNO__ conftest.c  >&5
configure:11876: $? = 0
configure:11882: ./conftest.exe
configure:11886: $? = -.
configure: program exited with status -.
configure: failed program was:
| /* confdefs.h.  */
| #define PACKAGE_NAME "libasvtools"
| #define PACKAGE_TARNAME "libasvtools"
| #define PACKAGE_VERSION "1.0.0"
| #define PACKAGE_STRING "libasvtools 1.0.0"
| #define PACKAGE_BUGREPORT "asv@ayukov.com"
| #define PACKAGE "libasvtools"
| #define VERSION "1.0.0"
| #define STDC_HEADERS 1
| #define HAVE_SYS_TYPES_H 1
| #define HAVE_SYS_STAT_H 1
| #define HAVE_STDLIB_H 1
| #define HAVE_STRING_H 1
| #define HAVE_MEMORY_H 1
| #define HAVE_STRINGS_H 1
| #define HAVE_INTTYPES_H 1
| #define HAVE_STDINT_H 1
| #define HAVE_UNISTD_H 1
| #define HAVE_DLFCN_H 1
| #define LT_OBJDIR ".libs/"
| #define HAVE_STDIO_H 1
| #define HAVE_TIME_H 1
| #define HAVE_STDARG_H 1
| #define HAVE_STRING_H 1
| #define HAVE_CTYPE_H 1
| #define HAVE_ASSERT_H 1
| #define HAVE_LIMITS_H 1
| #define HAVE_SYS_TYPES_H 1
| #define HAVE_FCNTL_H 1
| #define HAVE_STDINT_H 1
| #define HAVE_FLOCK 1
| #define HAVE_VSNPRINTF 1
| #define HAVE_STRCASESTR 1
| #define HAVE_STRLWR 1
| #define HAVE_STRUPR 1
| #define HAVE_GETPGID 1
| /* end confdefs.h.  */
| #include <sys/types.h>
|              #include <regex.h>
|              #include <locale.h>
|              int main (void)
|              {
|                  regex_t rx;
|                  int     rc;
|                  regmatch_t pm;
| 
|                  setlocale (LC_ALL, "ru_RU.KOI8-R");
| 
|                  rc = regcomp (&rx, "t[á-ñ]t", REG_EXTENDED|REG_ICASE);
|                  if (rc != 0) return -1;
| 
|                  rc = regexec (&rx, "testÆtest", 1, &pm, 0);
|                  if (rc != 0) return -2;
| 
|                  if (pm.rm_so != 3 || pm.rm_eo != 6) return -3;
|                  return 0;
|              }
| 
configure:11922: checking for special C compiler options needed for large files
configure:12017: result: no
configure:12023: checking for _FILE_OFFSET_BITS value needed for large files
configure:12058: gcc -c -D__EMX__ -DOS2  -D__ST_MT_ERRNO__ -g -Wall -ansi -O2  conftest.c >&5
configure:12065: $? = 0
configure:12134: result: no
configure:12273: checking for int8_t
configure:12304: gcc -c -D__EMX__ -DOS2  -D__ST_MT_ERRNO__ -g -Wall -ansi -O2  conftest.c >&5
configure:12311: $? = 0
configure:12340: gcc -c -D__EMX__ -DOS2  -D__ST_MT_ERRNO__ -g -Wall -ansi -O2  conftest.c >&5
conftest.c: In function 'main':
conftest.c:75:12: error: size of array 'test_array' is negative
configure:12347: $? = 1
configure: failed program was:
| /* confdefs.h.  */
| #define PACKAGE_NAME "libasvtools"
| #define PACKAGE_TARNAME "libasvtools"
| #define PACKAGE_VERSION "1.0.0"
| #define PACKAGE_STRING "libasvtools 1.0.0"
| #define PACKAGE_BUGREPORT "asv@ayukov.com"
| #define PACKAGE "libasvtools"
| #define VERSION "1.0.0"
| #define STDC_HEADERS 1
| #define HAVE_SYS_TYPES_H 1
| #define HAVE_SYS_STAT_H 1
| #define HAVE_STDLIB_H 1
| #define HAVE_STRING_H 1
| #define HAVE_MEMORY_H 1
| #define HAVE_STRINGS_H 1
| #define HAVE_INTTYPES_H 1
| #define HAVE_STDINT_H 1
| #define HAVE_UNISTD_H 1
| #define HAVE_DLFCN_H 1
| #define LT_OBJDIR ".libs/"
| #define HAVE_STDIO_H 1
| #define HAVE_TIME_H 1
| #define HAVE_STDARG_H 1
| #define HAVE_STRING_H 1
| #define HAVE_CTYPE_H 1
| #define HAVE_ASSERT_H 1
| #define HAVE_LIMITS_H 1
| #define HAVE_SYS_TYPES_H 1
| #define HAVE_FCNTL_H 1
| #define HAVE_STDINT_H 1
| #define HAVE_FLOCK 1
| #define HAVE_VSNPRINTF 1
| #define HAVE_STRCASESTR 1
| #define HAVE_STRLWR 1
| #define HAVE_STRUPR 1
| #define HAVE_GETPGID 1
| #define USE_OUR_REGEX_LIBRARY 1
| /* end confdefs.h.  */
| #include <stdio.h>
| #ifdef HAVE_SYS_TYPES_H
| # include <sys/types.h>
| #endif
| #ifdef HAVE_SYS_STAT_H
| # include <sys/stat.h>
| #endif
| #ifdef STDC_HEADERS
| # include <stdlib.h>
| # include <stddef.h>
| #else
| # ifdef HAVE_STDLIB_H
| #  include <stdlib.h>
| # endif
| #endif
| #ifdef HAVE_STRING_H
| # if !defined STDC_HEADERS && defined HAVE_MEMORY_H
| #  include <memory.h>
| # endif
| # include <string.h>
| #endif
| #ifdef HAVE_STRINGS_H
| # include <strings.h>
| #endif
| #ifdef HAVE_INTTYPES_H
| # include <inttypes.h>
| #endif
| #ifdef HAVE_STDINT_H
| # include <stdint.h>
| #endif
| #ifdef HAVE_UNISTD_H
| # include <unistd.h>
| #endif
| int
| main ()
| {
| static int test_array [1 - 2 * !((int8_t) ((((int8_t) 1 << (8 - 2)) - 1) * 2 + 1)
| 		 < (int8_t) ((((int8_t) 1 << (8 - 2)) - 1) * 2 + 2))];
| test_array [0] = 0
| 
|   ;
|   return 0;
| }
configure:12376: result: yes
configure:12389: checking for int16_t
configure:12420: gcc -c -D__EMX__ -DOS2  -D__ST_MT_ERRNO__ -g -Wall -ansi -O2  conftest.c >&5
configure:12427: $? = 0
configure:12456: gcc -c -D__EMX__ -DOS2  -D__ST_MT_ERRNO__ -g -Wall -ansi -O2  conftest.c >&5
conftest.c: In function 'main':
conftest.c:75:12: error: size of array 'test_array' is negative
configure:12463: $? = 1
configure: failed program was:
| /* confdefs.h.  */
| #define PACKAGE_NAME "libasvtools"
| #define PACKAGE_TARNAME "libasvtools"
| #define PACKAGE_VERSION "1.0.0"
| #define PACKAGE_STRING "libasvtools 1.0.0"
| #define PACKAGE_BUGREPORT "asv@ayukov.com"
| #define PACKAGE "libasvtools"
| #define VERSION "1.0.0"
| #define STDC_HEADERS 1
| #define HAVE_SYS_TYPES_H 1
| #define HAVE_SYS_STAT_H 1
| #define HAVE_STDLIB_H 1
| #define HAVE_STRING_H 1
| #define HAVE_MEMORY_H 1
| #define HAVE_STRINGS_H 1
| #define HAVE_INTTYPES_H 1
| #define HAVE_STDINT_H 1
| #define HAVE_UNISTD_H 1
| #define HAVE_DLFCN_H 1
| #define LT_OBJDIR ".libs/"
| #define HAVE_STDIO_H 1
| #define HAVE_TIME_H 1
| #define HAVE_STDARG_H 1
| #define HAVE_STRING_H 1
| #define HAVE_CTYPE_H 1
| #define HAVE_ASSERT_H 1
| #define HAVE_LIMITS_H 1
| #define HAVE_SYS_TYPES_H 1
| #define HAVE_FCNTL_H 1
| #define HAVE_STDINT_H 1
| #define HAVE_FLOCK 1
| #define HAVE_VSNPRINTF 1
| #define HAVE_STRCASESTR 1
| #define HAVE_STRLWR 1
| #define HAVE_STRUPR 1
| #define HAVE_GETPGID 1
| #define USE_OUR_REGEX_LIBRARY 1
| /* end confdefs.h.  */
| #include <stdio.h>
| #ifdef HAVE_SYS_TYPES_H
| # include <sys/types.h>
| #endif
| #ifdef HAVE_SYS_STAT_H
| # include <sys/stat.h>
| #endif
| #ifdef STDC_HEADERS
| # include <stdlib.h>
| # include <stddef.h>
| #else
| # ifdef HAVE_STDLIB_H
| #  include <stdlib.h>
| # endif
| #endif
| #ifdef HAVE_STRING_H
| # if !defined STDC_HEADERS && defined HAVE_MEMORY_H
| #  include <memory.h>
| # endif
| # include <string.h>
| #endif
| #ifdef HAVE_STRINGS_H
| # include <strings.h>
| #endif
| #ifdef HAVE_INTTYPES_H
| # include <inttypes.h>
| #endif
| #ifdef HAVE_STDINT_H
| # include <stdint.h>
| #endif
| #ifdef HAVE_UNISTD_H
| # include <unistd.h>
| #endif
| int
| main ()
| {
| static int test_array [1 - 2 * !((int16_t) ((((int16_t) 1 << (16 - 2)) - 1) * 2 + 1)
| 		 < (int16_t) ((((int16_t) 1 << (16 - 2)) - 1) * 2 + 2))];
| test_array [0] = 0
| 
|   ;
|   return 0;
| }
configure:12492: result: yes
configure:12505: checking for int32_t
configure:12536: gcc -c -D__EMX__ -DOS2  -D__ST_MT_ERRNO__ -g -Wall -ansi -O2  conftest.c >&5
configure:12543: $? = 0
configure:12572: gcc -c -D__EMX__ -DOS2  -D__ST_MT_ERRNO__ -g -Wall -ansi -O2  conftest.c >&5
conftest.c: In function 'main':
conftest.c:76:53: warning: integer overflow in expression
conftest.c:75:12: error: size of array 'test_array' is negative
conftest.c:75:12: error: storage size of 'test_array' isn't constant
conftest.c:75:12: warning: unused variable 'test_array'
configure:12579: $? = 1
configure: failed program was:
| /* confdefs.h.  */
| #define PACKAGE_NAME "libasvtools"
| #define PACKAGE_TARNAME "libasvtools"
| #define PACKAGE_VERSION "1.0.0"
| #define PACKAGE_STRING "libasvtools 1.0.0"
| #define PACKAGE_BUGREPORT "asv@ayukov.com"
| #define PACKAGE "libasvtools"
| #define VERSION "1.0.0"
| #define STDC_HEADERS 1
| #define HAVE_SYS_TYPES_H 1
| #define HAVE_SYS_STAT_H 1
| #define HAVE_STDLIB_H 1
| #define HAVE_STRING_H 1
| #define HAVE_MEMORY_H 1
| #define HAVE_STRINGS_H 1
| #define HAVE_INTTYPES_H 1
| #define HAVE_STDINT_H 1
| #define HAVE_UNISTD_H 1
| #define HAVE_DLFCN_H 1
| #define LT_OBJDIR ".libs/"
| #define HAVE_STDIO_H 1
| #define HAVE_TIME_H 1
| #define HAVE_STDARG_H 1
| #define HAVE_STRING_H 1
| #define HAVE_CTYPE_H 1
| #define HAVE_ASSERT_H 1
| #define HAVE_LIMITS_H 1
| #define HAVE_SYS_TYPES_H 1
| #define HAVE_FCNTL_H 1
| #define HAVE_STDINT_H 1
| #define HAVE_FLOCK 1
| #define HAVE_VSNPRINTF 1
| #define HAVE_STRCASESTR 1
| #define HAVE_STRLWR 1
| #define HAVE_STRUPR 1
| #define HAVE_GETPGID 1
| #define USE_OUR_REGEX_LIBRARY 1
| /* end confdefs.h.  */
| #include <stdio.h>
| #ifdef HAVE_SYS_TYPES_H
| # include <sys/types.h>
| #endif
| #ifdef HAVE_SYS_STAT_H
| # include <sys/stat.h>
| #endif
| #ifdef STDC_HEADERS
| # include <stdlib.h>
| # include <stddef.h>
| #else
| # ifdef HAVE_STDLIB_H
| #  include <stdlib.h>
| # endif
| #endif
| #ifdef HAVE_STRING_H
| # if !defined STDC_HEADERS && defined HAVE_MEMORY_H
| #  include <memory.h>
| # endif
| # include <string.h>
| #endif
| #ifdef HAVE_STRINGS_H
| # include <strings.h>
| #endif
| #ifdef HAVE_INTTYPES_H
| # include <inttypes.h>
| #endif
| #ifdef HAVE_STDINT_H
| # include <stdint.h>
| #endif
| #ifdef HAVE_UNISTD_H
| # include <unistd.h>
| #endif
| int
| main ()
| {
| static int test_array [1 - 2 * !((int32_t) ((((int32_t) 1 << (32 - 2)) - 1) * 2 + 1)
| 		 < (int32_t) ((((int32_t) 1 << (32 - 2)) - 1) * 2 + 2))];
| test_array [0] = 0
| 
|   ;
|   return 0;
| }
configure:12608: result: yes
configure:12621: checking for int64_t
configure:12652: gcc -c -D__EMX__ -DOS2  -D__ST_MT_ERRNO__ -g -Wall -ansi -O2  conftest.c >&5
configure:12659: $? = 0
configure:12688: gcc -c -D__EMX__ -DOS2  -D__ST_MT_ERRNO__ -g -Wall -ansi -O2  conftest.c >&5
conftest.c: In function 'main':
conftest.c:76:53: warning: integer overflow in expression
conftest.c:75:12: error: size of array 'test_array' is negative
conftest.c:75:12: error: storage size of 'test_array' isn't constant
conftest.c:75:12: warning: unused variable 'test_array'
configure:12695: $? = 1
configure: failed program was:
| /* confdefs.h.  */
| #define PACKAGE_NAME "libasvtools"
| #define PACKAGE_TARNAME "libasvtools"
| #define PACKAGE_VERSION "1.0.0"
| #define PACKAGE_STRING "libasvtools 1.0.0"
| #define PACKAGE_BUGREPORT "asv@ayukov.com"
| #define PACKAGE "libasvtools"
| #define VERSION "1.0.0"
| #define STDC_HEADERS 1
| #define HAVE_SYS_TYPES_H 1
| #define HAVE_SYS_STAT_H 1
| #define HAVE_STDLIB_H 1
| #define HAVE_STRING_H 1
| #define HAVE_MEMORY_H 1
| #define HAVE_STRINGS_H 1
| #define HAVE_INTTYPES_H 1
| #define HAVE_STDINT_H 1
| #define HAVE_UNISTD_H 1
| #define HAVE_DLFCN_H 1
| #define LT_OBJDIR ".libs/"
| #define HAVE_STDIO_H 1
| #define HAVE_TIME_H 1
| #define HAVE_STDARG_H 1
| #define HAVE_STRING_H 1
| #define HAVE_CTYPE_H 1
| #define HAVE_ASSERT_H 1
| #define HAVE_LIMITS_H 1
| #define HAVE_SYS_TYPES_H 1
| #define HAVE_FCNTL_H 1
| #define HAVE_STDINT_H 1
| #define HAVE_FLOCK 1
| #define HAVE_VSNPRINTF 1
| #define HAVE_STRCASESTR 1
| #define HAVE_STRLWR 1
| #define HAVE_STRUPR 1
| #define HAVE_GETPGID 1
| #define USE_OUR_REGEX_LIBRARY 1
| /* end confdefs.h.  */
| #include <stdio.h>
| #ifdef HAVE_SYS_TYPES_H
| # include <sys/types.h>
| #endif
| #ifdef HAVE_SYS_STAT_H
| # include <sys/stat.h>
| #endif
| #ifdef STDC_HEADERS
| # include <stdlib.h>
| # include <stddef.h>
| #else
| # ifdef HAVE_STDLIB_H
| #  include <stdlib.h>
| # endif
| #endif
| #ifdef HAVE_STRING_H
| # if !defined STDC_HEADERS && defined HAVE_MEMORY_H
| #  include <memory.h>
| # endif
| # include <string.h>
| #endif
| #ifdef HAVE_STRINGS_H
| # include <strings.h>
| #endif
| #ifdef HAVE_INTTYPES_H
| # include <inttypes.h>
| #endif
| #ifdef HAVE_STDINT_H
| # include <stdint.h>
| #endif
| #ifdef HAVE_UNISTD_H
| # include <unistd.h>
| #endif
| int
| main ()
| {
| static int test_array [1 - 2 * !((int64_t) ((((int64_t) 1 << (64 - 2)) - 1) * 2 + 1)
| 		 < (int64_t) ((((int64_t) 1 << (64 - 2)) - 1) * 2 + 2))];
| test_array [0] = 0
| 
|   ;
|   return 0;
| }
configure:12724: result: yes
configure:12737: checking for uint8_t
configure:12768: gcc -c -D__EMX__ -DOS2  -D__ST_MT_ERRNO__ -g -Wall -ansi -O2  conftest.c >&5
configure:12775: $? = 0
configure:12796: result: yes
configure:12814: checking for uint16_t
configure:12845: gcc -c -D__EMX__ -DOS2  -D__ST_MT_ERRNO__ -g -Wall -ansi -O2  conftest.c >&5
configure:12852: $? = 0
configure:12873: result: yes
configure:12887: checking for uint32_t
configure:12918: gcc -c -D__EMX__ -DOS2  -D__ST_MT_ERRNO__ -g -Wall -ansi -O2  conftest.c >&5
configure:12925: $? = 0
configure:12946: result: yes
configure:12964: checking for uint64_t
configure:12995: gcc -c -D__EMX__ -DOS2  -D__ST_MT_ERRNO__ -g -Wall -ansi -O2  conftest.c >&5
configure:13002: $? = 0
configure:13023: result: yes
configure:13041: checking for u_int8_t
configure:13069: gcc -c -D__EMX__ -DOS2  -D__ST_MT_ERRNO__ -g -Wall -ansi -O2  conftest.c >&5
configure:13076: $? = 0
configure:13103: gcc -c -D__EMX__ -DOS2  -D__ST_MT_ERRNO__ -g -Wall -ansi -O2  conftest.c >&5
conftest.c: In function 'main':
conftest.c:75:23: error: expected expression before ')' token
configure:13110: $? = 1
configure: failed program was:
| /* confdefs.h.  */
| #define PACKAGE_NAME "libasvtools"
| #define PACKAGE_TARNAME "libasvtools"
| #define PACKAGE_VERSION "1.0.0"
| #define PACKAGE_STRING "libasvtools 1.0.0"
| #define PACKAGE_BUGREPORT "asv@ayukov.com"
| #define PACKAGE "libasvtools"
| #define VERSION "1.0.0"
| #define STDC_HEADERS 1
| #define HAVE_SYS_TYPES_H 1
| #define HAVE_SYS_STAT_H 1
| #define HAVE_STDLIB_H 1
| #define HAVE_STRING_H 1
| #define HAVE_MEMORY_H 1
| #define HAVE_STRINGS_H 1
| #define HAVE_INTTYPES_H 1
| #define HAVE_STDINT_H 1
| #define HAVE_UNISTD_H 1
| #define HAVE_DLFCN_H 1
| #define LT_OBJDIR ".libs/"
| #define HAVE_STDIO_H 1
| #define HAVE_TIME_H 1
| #define HAVE_STDARG_H 1
| #define HAVE_STRING_H 1
| #define HAVE_CTYPE_H 1
| #define HAVE_ASSERT_H 1
| #define HAVE_LIMITS_H 1
| #define HAVE_SYS_TYPES_H 1
| #define HAVE_FCNTL_H 1
| #define HAVE_STDINT_H 1
| #define HAVE_FLOCK 1
| #define HAVE_VSNPRINTF 1
| #define HAVE_STRCASESTR 1
| #define HAVE_STRLWR 1
| #define HAVE_STRUPR 1
| #define HAVE_GETPGID 1
| #define USE_OUR_REGEX_LIBRARY 1
| /* end confdefs.h.  */
| #include <stdio.h>
| #ifdef HAVE_SYS_TYPES_H
| # include <sys/types.h>
| #endif
| #ifdef HAVE_SYS_STAT_H
| # include <sys/stat.h>
| #endif
| #ifdef STDC_HEADERS
| # include <stdlib.h>
| # include <stddef.h>
| #else
| # ifdef HAVE_STDLIB_H
| #  include <stdlib.h>
| # endif
| #endif
| #ifdef HAVE_STRING_H
| # if !defined STDC_HEADERS && defined HAVE_MEMORY_H
| #  include <memory.h>
| # endif
| # include <string.h>
| #endif
| #ifdef HAVE_STRINGS_H
| # include <strings.h>
| #endif
| #ifdef HAVE_INTTYPES_H
| # include <inttypes.h>
| #endif
| #ifdef HAVE_STDINT_H
| # include <stdint.h>
| #endif
| #ifdef HAVE_UNISTD_H
| # include <unistd.h>
| #endif
| int
| main ()
| {
| if (sizeof ((u_int8_t)))
| 	  return 0;
|   ;
|   return 0;
| }
configure:13133: result: yes
configure:13141: checking for u_int16_t
configure:13169: gcc -c -D__EMX__ -DOS2  -D__ST_MT_ERRNO__ -g -Wall -ansi -O2  conftest.c >&5
configure:13176: $? = 0
configure:13203: gcc -c -D__EMX__ -DOS2  -D__ST_MT_ERRNO__ -g -Wall -ansi -O2  conftest.c >&5
conftest.c: In function 'main':
conftest.c:75:24: error: expected expression before ')' token
configure:13210: $? = 1
configure: failed program was:
| /* confdefs.h.  */
| #define PACKAGE_NAME "libasvtools"
| #define PACKAGE_TARNAME "libasvtools"
| #define PACKAGE_VERSION "1.0.0"
| #define PACKAGE_STRING "libasvtools 1.0.0"
| #define PACKAGE_BUGREPORT "asv@ayukov.com"
| #define PACKAGE "libasvtools"
| #define VERSION "1.0.0"
| #define STDC_HEADERS 1
| #define HAVE_SYS_TYPES_H 1
| #define HAVE_SYS_STAT_H 1
| #define HAVE_STDLIB_H 1
| #define HAVE_STRING_H 1
| #define HAVE_MEMORY_H 1
| #define HAVE_STRINGS_H 1
| #define HAVE_INTTYPES_H 1
| #define HAVE_STDINT_H 1
| #define HAVE_UNISTD_H 1
| #define HAVE_DLFCN_H 1
| #define LT_OBJDIR ".libs/"
| #define HAVE_STDIO_H 1
| #define HAVE_TIME_H 1
| #define HAVE_STDARG_H 1
| #define HAVE_STRING_H 1
| #define HAVE_CTYPE_H 1
| #define HAVE_ASSERT_H 1
| #define HAVE_LIMITS_H 1
| #define HAVE_SYS_TYPES_H 1
| #define HAVE_FCNTL_H 1
| #define HAVE_STDINT_H 1
| #define HAVE_FLOCK 1
| #define HAVE_VSNPRINTF 1
| #define HAVE_STRCASESTR 1
| #define HAVE_STRLWR 1
| #define HAVE_STRUPR 1
| #define HAVE_GETPGID 1
| #define USE_OUR_REGEX_LIBRARY 1
| /* end confdefs.h.  */
| #include <stdio.h>
| #ifdef HAVE_SYS_TYPES_H
| # include <sys/types.h>
| #endif
| #ifdef HAVE_SYS_STAT_H
| # include <sys/stat.h>
| #endif
| #ifdef STDC_HEADERS
| # include <stdlib.h>
| # include <stddef.h>
| #else
| # ifdef HAVE_STDLIB_H
| #  include <stdlib.h>
| # endif
| #endif
| #ifdef HAVE_STRING_H
| # if !defined STDC_HEADERS && defined HAVE_MEMORY_H
| #  include <memory.h>
| # endif
| # include <string.h>
| #endif
| #ifdef HAVE_STRINGS_H
| # include <strings.h>
| #endif
| #ifdef HAVE_INTTYPES_H
| # include <inttypes.h>
| #endif
| #ifdef HAVE_STDINT_H
| # include <stdint.h>
| #endif
| #ifdef HAVE_UNISTD_H
| # include <unistd.h>
| #endif
| int
| main ()
| {
| if (sizeof ((u_int16_t)))
| 	  return 0;
|   ;
|   return 0;
| }
configure:13233: result: yes
configure:13241: checking for u_int32_t
configure:13269: gcc -c -D__EMX__ -DOS2  -D__ST_MT_ERRNO__ -g -Wall -ansi -O2  conftest.c >&5
configure:13276: $? = 0
configure:13303: gcc -c -D__EMX__ -DOS2  -D__ST_MT_ERRNO__ -g -Wall -ansi -O2  conftest.c >&5
conftest.c: In function 'main':
conftest.c:75:24: error: expected expression before ')' token
configure:13310: $? = 1
configure: failed program was:
| /* confdefs.h.  */
| #define PACKAGE_NAME "libasvtools"
| #define PACKAGE_TARNAME "libasvtools"
| #define PACKAGE_VERSION "1.0.0"
| #define PACKAGE_STRING "libasvtools 1.0.0"
| #define PACKAGE_BUGREPORT "asv@ayukov.com"
| #define PACKAGE "libasvtools"
| #define VERSION "1.0.0"
| #define STDC_HEADERS 1
| #define HAVE_SYS_TYPES_H 1
| #define HAVE_SYS_STAT_H 1
| #define HAVE_STDLIB_H 1
| #define HAVE_STRING_H 1
| #define HAVE_MEMORY_H 1
| #define HAVE_STRINGS_H 1
| #define HAVE_INTTYPES_H 1
| #define HAVE_STDINT_H 1
| #define HAVE_UNISTD_H 1
| #define HAVE_DLFCN_H 1
| #define LT_OBJDIR ".libs/"
| #define HAVE_STDIO_H 1
| #define HAVE_TIME_H 1
| #define HAVE_STDARG_H 1
| #define HAVE_STRING_H 1
| #define HAVE_CTYPE_H 1
| #define HAVE_ASSERT_H 1
| #define HAVE_LIMITS_H 1
| #define HAVE_SYS_TYPES_H 1
| #define HAVE_FCNTL_H 1
| #define HAVE_STDINT_H 1
| #define HAVE_FLOCK 1
| #define HAVE_VSNPRINTF 1
| #define HAVE_STRCASESTR 1
| #define HAVE_STRLWR 1
| #define HAVE_STRUPR 1
| #define HAVE_GETPGID 1
| #define USE_OUR_REGEX_LIBRARY 1
| /* end confdefs.h.  */
| #include <stdio.h>
| #ifdef HAVE_SYS_TYPES_H
| # include <sys/types.h>
| #endif
| #ifdef HAVE_SYS_STAT_H
| # include <sys/stat.h>
| #endif
| #ifdef STDC_HEADERS
| # include <stdlib.h>
| # include <stddef.h>
| #else
| # ifdef HAVE_STDLIB_H
| #  include <stdlib.h>
| # endif
| #endif
| #ifdef HAVE_STRING_H
| # if !defined STDC_HEADERS && defined HAVE_MEMORY_H
| #  include <memory.h>
| # endif
| # include <string.h>
| #endif
| #ifdef HAVE_STRINGS_H
| # include <strings.h>
| #endif
| #ifdef HAVE_INTTYPES_H
| # include <inttypes.h>
| #endif
| #ifdef HAVE_STDINT_H
| # include <stdint.h>
| #endif
| #ifdef HAVE_UNISTD_H
| # include <unistd.h>
| #endif
| int
| main ()
| {
| if (sizeof ((u_int32_t)))
| 	  return 0;
|   ;
|   return 0;
| }
configure:13333: result: yes
configure:13341: checking for u_int64_t
configure:13369: gcc -c -D__EMX__ -DOS2  -D__ST_MT_ERRNO__ -g -Wall -ansi -O2  conftest.c >&5
configure:13376: $? = 0
configure:13403: gcc -c -D__EMX__ -DOS2  -D__ST_MT_ERRNO__ -g -Wall -ansi -O2  conftest.c >&5
conftest.c: In function 'main':
conftest.c:75:24: error: expected expression before ')' token
configure:13410: $? = 1
configure: failed program was:
| /* confdefs.h.  */
| #define PACKAGE_NAME "libasvtools"
| #define PACKAGE_TARNAME "libasvtools"
| #define PACKAGE_VERSION "1.0.0"
| #define PACKAGE_STRING "libasvtools 1.0.0"
| #define PACKAGE_BUGREPORT "asv@ayukov.com"
| #define PACKAGE "libasvtools"
| #define VERSION "1.0.0"
| #define STDC_HEADERS 1
| #define HAVE_SYS_TYPES_H 1
| #define HAVE_SYS_STAT_H 1
| #define HAVE_STDLIB_H 1
| #define HAVE_STRING_H 1
| #define HAVE_MEMORY_H 1
| #define HAVE_STRINGS_H 1
| #define HAVE_INTTYPES_H 1
| #define HAVE_STDINT_H 1
| #define HAVE_UNISTD_H 1
| #define HAVE_DLFCN_H 1
| #define LT_OBJDIR ".libs/"
| #define HAVE_STDIO_H 1
| #define HAVE_TIME_H 1
| #define HAVE_STDARG_H 1
| #define HAVE_STRING_H 1
| #define HAVE_CTYPE_H 1
| #define HAVE_ASSERT_H 1
| #define HAVE_LIMITS_H 1
| #define HAVE_SYS_TYPES_H 1
| #define HAVE_FCNTL_H 1
| #define HAVE_STDINT_H 1
| #define HAVE_FLOCK 1
| #define HAVE_VSNPRINTF 1
| #define HAVE_STRCASESTR 1
| #define HAVE_STRLWR 1
| #define HAVE_STRUPR 1
| #define HAVE_GETPGID 1
| #define USE_OUR_REGEX_LIBRARY 1
| /* end confdefs.h.  */
| #include <stdio.h>
| #ifdef HAVE_SYS_TYPES_H
| # include <sys/types.h>
| #endif
| #ifdef HAVE_SYS_STAT_H
| # include <sys/stat.h>
| #endif
| #ifdef STDC_HEADERS
| # include <stdlib.h>
| # include <stddef.h>
| #else
| # ifdef HAVE_STDLIB_H
| #  include <stdlib.h>
| # endif
| #endif
| #ifdef HAVE_STRING_H
| # if !defined STDC_HEADERS && defined HAVE_MEMORY_H
| #  include <memory.h>
| # endif
| # include <string.h>
| #endif
| #ifdef HAVE_STRINGS_H
| # include <strings.h>
| #endif
| #ifdef HAVE_INTTYPES_H
| # include <inttypes.h>
| #endif
| #ifdef HAVE_STDINT_H
| # include <stdint.h>
| #endif
| #ifdef HAVE_UNISTD_H
| # include <unistd.h>
| #endif
| int
| main ()
| {
| if (sizeof ((u_int64_t)))
| 	  return 0;
|   ;
|   return 0;
| }
configure:13433: result: yes
configure:13447: checking for strlwr
configure:13530: result: yes
configure:13538: checking for strupr
configure:13621: result: yes
configure:13634: checking for stdint.h
configure:13639: result: yes
configure:13773: checking for fcntl.h
configure:13778: result: yes
configure:14075: creating ./config.status

## ---------------------- ##
## Running config.status. ##
## ---------------------- ##

This file was extended by libasvtools config.status 1.0.0, which was
generated by GNU Autoconf 2.62.  Invocation command line was

  CONFIG_FILES    = 
  CONFIG_HEADERS  = 
  CONFIG_LINKS    = 
  CONFIG_COMMANDS = 
  $ ./config.status 

on NEOIII

config.status:15196: creating Makefile
config.status:15196: creating src/Makefile
config.status:15196: creating src/asvtools.h
config.status:15196: creating tests/Makefile
config.status:15196: creating src/config.h
config.status:15476: executing depfiles commands
config.status:15476: executing libtool commands

## ---------------- ##
## Cache variables. ##
## ---------------- ##

ac_cv_build=i386-pc-os2-emx
ac_cv_c_compiler_gnu=yes
ac_cv_c_int16_t=yes
ac_cv_c_int32_t=yes
ac_cv_c_int64_t=yes
ac_cv_c_int8_t=yes
ac_cv_c_uint16_t=yes
ac_cv_c_uint32_t=yes
ac_cv_c_uint64_t=yes
ac_cv_c_uint8_t=yes
ac_cv_emxos2=yes
ac_cv_env_CC_set=set
ac_cv_env_CC_value=gcc
ac_cv_env_CFLAGS_set=
ac_cv_env_CFLAGS_value=
ac_cv_env_CPPFLAGS_set=
ac_cv_env_CPPFLAGS_value=
ac_cv_env_CPP_set=
ac_cv_env_CPP_value=
ac_cv_env_LDFLAGS_set=
ac_cv_env_LDFLAGS_value=
ac_cv_env_LIBS_set=
ac_cv_env_LIBS_value=
ac_cv_env_build_alias_set=
ac_cv_env_build_alias_value=
ac_cv_env_host_alias_set=
ac_cv_env_host_alias_value=
ac_cv_env_target_alias_set=
ac_cv_env_target_alias_value=
ac_cv_exeext=.exe
ac_cv_func_flock=yes
ac_cv_func_getpgid=yes
ac_cv_func_mmap=no
ac_cv_func_strcasestr=yes
ac_cv_func_strlwr=yes
ac_cv_func_strupr=yes
ac_cv_func_vsnprintf=yes
ac_cv_header_assert_h=yes
ac_cv_header_ctype_h=yes
ac_cv_header_dlfcn_h=yes
ac_cv_header_fcntl_h=yes
ac_cv_header_inttypes_h=yes
ac_cv_header_limits_h=yes
ac_cv_header_memory_h=yes
ac_cv_header_regex_h=yes
ac_cv_header_stdarg_h=yes
ac_cv_header_stdc=yes
ac_cv_header_stdint_h=yes
ac_cv_header_stdio_h=yes
ac_cv_header_stdlib_h=yes
ac_cv_header_string_h=yes
ac_cv_header_strings_h=yes
ac_cv_header_sys_stat_h=yes
ac_cv_header_sys_types_h=yes
ac_cv_header_time_h=yes
ac_cv_header_unistd_h=yes
ac_cv_host=i386-pc-os2-emx
ac_cv_libext=lib
ac_cv_member_struct_sockaddr_in_sin_len=yes
ac_cv_objext=o
ac_cv_path_AR=u:/usr/bin/ar.exe
ac_cv_path_EGREP='U:/MOZTOOLS/grep.exe -E'
ac_cv_path_FALSE=u:/bin/false.exe
ac_cv_path_FGREP='U:/MOZTOOLS/grep.exe -F'
ac_cv_path_GREP=U:/MOZTOOLS/grep.exe
ac_cv_path_JAR=c:/programs/java142/bin/jar.exe
ac_cv_path_JAVAC=c:/programs/java142/bin/javac.exe
ac_cv_path_MAKE=u:/moztools/make.exe
ac_cv_path_MKDIR=u:/bin/mkdir.exe
ac_cv_path_MSGFMT=u:/usr/bin/msgfmt.exe
ac_cv_path_MV=u:/bin/mv.exe
ac_cv_path_PERL=u:/Perl/bin/perl.exe
ac_cv_path_PROG_SENDMAIL=c:/tcpip/bin/sendmail.exe
ac_cv_path_RM=u:/bin/rm.exe
ac_cv_path_SED=U:/MOZTOOLS/sed.exe
ac_cv_path_STRIP='echo '
ac_cv_path_TRUE=u:/bin/true.exe
ac_cv_path_XARGS=u:/moztools/xargs.exe
ac_cv_path__PATH_AWK=u:/moztools/awk.exe
ac_cv_path__PATH_EGREP=c:/emx/bin/egrep.exe
ac_cv_path__PATH_PERL=u:/Perl/bin/perl.exe
ac_cv_path__PATH_SED=u:/moztools/sed.exe
ac_cv_path__PATH_SH=u:/moztools/ash.exe
ac_cv_path__PATH_SORT=u:/moztools/sort.exe
ac_cv_path___CHGRP=echo
ac_cv_path___CHOWN=echo
ac_cv_path___RSH=echo
ac_cv_path_install=u:/bin/INSTALL.exe
ac_cv_path_mkdir=u:/bin/mkdir.exe
ac_cv_path_uic=/dev/qt/trunk/bin/uic
ac_cv_prog_AWK=gawk
ac_cv_prog_CPP='gcc -E'
ac_cv_prog_ac_ct_AR=ar.exe
ac_cv_prog_ac_ct_CC=gcc
ac_cv_prog_ac_ct_OBJDUMP=objdump
ac_cv_prog_ac_ct_RANLIB=echo
ac_cv_prog_ac_ct_STRIP=strip
ac_cv_prog_cc_c89=
ac_cv_prog_cc_g=yes
ac_cv_prog_make_make_set=yes
ac_cv_sys_file_offset_bits=no
ac_cv_sys_largefile_CC=no
ac_cv_type_u_int16_t=yes
ac_cv_type_u_int32_t=yes
ac_cv_type_u_int64_t=yes
ac_cv_type_u_int8_t=yes
am_cv_CC_dependencies_compiler_type=gcc3
lt_cv_deplibs_check_method=unknown
lt_cv_file_magic_cmd='$MAGIC_CMD'
lt_cv_file_magic_test_file=
lt_cv_ld_reload_flag=-r
lt_cv_nm_interface='BSD nm'
lt_cv_objdir=.libs
lt_cv_path_LD=ld.exe
lt_cv_path_NM='U:/usr/bin/nm -B'
lt_cv_prog_compiler_c_o=yes
lt_cv_prog_compiler_pic_works=yes
lt_cv_prog_compiler_rtti_exceptions=no
lt_cv_prog_compiler_static_works=no
lt_cv_prog_gnu_ld=no
lt_cv_sys_global_symbol_pipe='sed -n -e '\''s/^.*[	 ]\([ABCDGIRSTW][ABCDGIRSTW]*\)[	 ][	 ]*_\([_A-Za-z][_A-Za-z0-9]*\)$/\1 _\2 \2/p'\'
lt_cv_sys_global_symbol_to_c_name_address='sed -n -e '\''s/^: \([^ ]*\) $/  {\"\1\", (void *) 0},/p'\'' -e '\''s/^[ABCDGIRSTW]* \([^ ]*\) \([^ ]*\)$/  {"\2", (void *) \&\2},/p'\'
lt_cv_sys_global_symbol_to_c_name_address_lib_prefix='sed -n -e '\''s/^: \([^ ]*\) $/  {\"\1\", (void *) 0},/p'\'' -e '\''s/^[ABCDGIRSTW]* \([^ ]*\) \(lib[^ ]*\)$/  {"\2", (void *) \&\2},/p'\'' -e '\''s/^[ABCDGIRSTW]* \([^ ]*\) \([^ ]*\)$/  {"lib\2", (void *) \&\2},/p'\'
lt_cv_sys_global_symbol_to_cdecl='sed -n -e '\''s/^T .* \(.*\)$/extern int \1();/p'\'' -e '\''s/^[ABCDGIRSTW]* .* \(.*\)$/extern char \1;/p'\'
lt_cv_sys_max_cmd_len=512

## ----------------- ##
## Output variables. ##
## ----------------- ##

ACLOCAL='${SHELL} U:/progetti/libasvtools-1.0.0/scripts/missing --run aclocal-1.10'
AMDEPBACKSLASH='\'
AMDEP_FALSE='#'
AMDEP_TRUE=''
AMTAR='tar.exe'
AR='ar.exe'
AUTOCONF='${SHELL} U:/progetti/libasvtools-1.0.0/scripts/missing --run autoconf'
AUTOHEADER='${SHELL} U:/progetti/libasvtools-1.0.0/scripts/missing --run autoheader'
AUTOMAKE='${SHELL} U:/progetti/libasvtools-1.0.0/scripts/missing --run automake-1.10'
AWK='gawk'
CC='gcc'
CCDEPMODE='depmode=gcc3'
CFLAGS='-D__EMX__ -DOS2  -D__ST_MT_ERRNO__ -g -Wall -ansi -O2'
CPP='gcc -E'
CPPFLAGS=''
CYGPATH_W='echo'
DEFS='-DHAVE_CONFIG_H'
DEPDIR='.deps'
DSYMUTIL=''
DUMPBIN=''
ECHO_C=''
ECHO_N='-n'
ECHO_T=''
EGREP='U:/MOZTOOLS/grep.exe -E'
EXEEXT='.exe'
FGREP='U:/MOZTOOLS/grep.exe -F'
FREEBSD_FALSE=''
FREEBSD_TRUE='#'
GREP='U:/MOZTOOLS/grep.exe'
INSTALL_DATA='${INSTALL} -m 644'
INSTALL_PROGRAM='${INSTALL}'
INSTALL_SCRIPT='${INSTALL}'
INSTALL_STRIP_PROGRAM='$(install_sh) -c -s'
LD='ld.exe'
LDFLAGS='-Zexe -Zomf -Zmap -Zargs-wild -D__ST_MT_ERRNO__'
LIBOBJS=''
LIBS=''
LIBTOOL='$(SHELL) $(top_builddir)/libtool'
LINUX_FALSE=''
LINUX_TRUE='#'
LIPO=''
LN_S='ln -s'
LTLIBOBJS=''
MAINT='#'
MAINTAINER_MODE_FALSE=''
MAINTAINER_MODE_TRUE='#'
MAKEINFO='makeinfo --no-split'
MKDIR_P='u:/bin/mkdir.exe -p'
NM='U:/usr/bin/nm -B'
NMEDIT=''
OBJDUMP='objdump'
OBJEXT='o'
OTOOL64=''
OTOOL=''
PACKAGE='libasvtools'
PACKAGE_BUGREPORT='asv@ayukov.com'
PACKAGE_NAME='libasvtools'
PACKAGE_STRING='libasvtools 1.0.0'
PACKAGE_TARNAME='libasvtools'
PACKAGE_VERSION='1.0.0'
PATH_SEPARATOR=';'
RANLIB='echo'
SED='U:/MOZTOOLS/sed.exe'
SET_MAKE=''
SHELL='sh'
STRIP='strip'
USE_DEBUG_FALSE=''
USE_DEBUG_TRUE='#'
USE_DMALLOC_FALSE=''
USE_DMALLOC_TRUE='#'
USE_PROFILE_FALSE=''
USE_PROFILE_TRUE='#'
VERSION='1.0.0'
ac_ct_CC='gcc'
ac_ct_DUMPBIN=''
am__fastdepCC_FALSE='#'
am__fastdepCC_TRUE=''
am__include='include'
am__isrc=''
am__leading_dot='.'
am__quote=''
am__tar='${AMTAR} chof - "$$tardir"'
am__untar='${AMTAR} xf -'
bindir='${exec_prefix}/bin'
binmode='O_BINARY'
build='i386-pc-os2-emx'
build_alias=''
build_cpu='i386'
build_os='os2-emx'
build_vendor='pc'
datadir='${datarootdir}'
datarootdir='${prefix}/share'
docdir='${datarootdir}/doc/${PACKAGE_TARNAME}'
dvidir='${docdir}'
exec_prefix='${prefix}'
have_fcntl_h='1'
have_stdint_h='1'
have_strlwr='1'
have_strupr='1'
have_u_int16_t='1'
have_u_int32_t='1'
have_u_int64_t='1'
have_u_int8_t='1'
host='i386-pc-os2-emx'
host_alias=''
host_cpu='i386'
host_os='os2-emx'
host_vendor='pc'
htmldir='${docdir}'
includedir='${prefix}/include'
infodir='${datarootdir}/info'
install_sh='$(SHELL) U:/progetti/libasvtools-1.0.0/scripts/install-sh'
libdir='${exec_prefix}/lib'
libexecdir='${exec_prefix}/libexec'
localedir='${datarootdir}/locale'
localstatedir='${prefix}/var'
lt_ECHO='echo'
mandir='${datarootdir}/man'
mkdir_p='u:/bin/mkdir.exe -p'
oldincludedir='/usr/include'
pdfdir='${docdir}'
prefix='/usr/local'
program_transform_name='s,x,x,'
psdir='${docdir}'
sbindir='${exec_prefix}/sbin'
sharedstatedir='${prefix}/com'
sysconfdir='${prefix}/etc'
target_alias=''

## ----------- ##
## confdefs.h. ##
## ----------- ##

#define PACKAGE_NAME "libasvtools"
#define PACKAGE_TARNAME "libasvtools"
#define PACKAGE_VERSION "1.0.0"
#define PACKAGE_STRING "libasvtools 1.0.0"
#define PACKAGE_BUGREPORT "asv@ayukov.com"
#define PACKAGE "libasvtools"
#define VERSION "1.0.0"
#define STDC_HEADERS 1
#define HAVE_SYS_TYPES_H 1
#define HAVE_SYS_STAT_H 1
#define HAVE_STDLIB_H 1
#define HAVE_STRING_H 1
#define HAVE_MEMORY_H 1
#define HAVE_STRINGS_H 1
#define HAVE_INTTYPES_H 1
#define HAVE_STDINT_H 1
#define HAVE_UNISTD_H 1
#define HAVE_DLFCN_H 1
#define LT_OBJDIR ".libs/"
#define HAVE_STDIO_H 1
#define HAVE_TIME_H 1
#define HAVE_STDARG_H 1
#define HAVE_STRING_H 1
#define HAVE_CTYPE_H 1
#define HAVE_ASSERT_H 1
#define HAVE_LIMITS_H 1
#define HAVE_SYS_TYPES_H 1
#define HAVE_FCNTL_H 1
#define HAVE_STDINT_H 1
#define HAVE_FLOCK 1
#define HAVE_VSNPRINTF 1
#define HAVE_STRCASESTR 1
#define HAVE_STRLWR 1
#define HAVE_STRUPR 1
#define HAVE_GETPGID 1
#define USE_OUR_REGEX_LIBRARY 1

configure: exit 0
